app/build/intermediates/manifest_merge_blame_file/debug/manifest-merger-blame-debug-report.txt
1<?xml version="1.0" encoding="utf-8"?>
2<manifest xmlns:android="http://schemas.android.com/apk/res/android"
3    package="com.bss.uis"
4    android:versionCode="1"
5    android:versionName="1.0" >
6
7    <uses-sdk
8        android:minSdkVersion="21"
8-->src\main\AndroidManifest.xml
9        android:targetSdkVersion="33" />
9-->src\main\AndroidManifest.xml
10
11    <uses-permission android:name="android.permission.ACCESS_NETWORK_STATE" />
11-->src\main\AndroidManifest.xml:5:5-79
11-->src\main\AndroidManifest.xml:5:22-76
12    <uses-permission android:name="android.permission.ACCESS_NETWORK_STATE" />
12-->src\main\AndroidManifest.xml:5:5-79
12-->src\main\AndroidManifest.xml:5:22-76
13    <uses-permission android:name="android.permission.INTERNET" />
13-->src\main\AndroidManifest.xml:7:5-67
13-->src\main\AndroidManifest.xml:7:22-64
14    <uses-permission android:name="android.permission.READ_EXTERNAL_STORAGE" />
14-->src\main\AndroidManifest.xml:8:5-80
14-->src\main\AndroidManifest.xml:8:22-77
15    <uses-permission android:name="android.permission.CAMERA" />
15-->src\main\AndroidManifest.xml:9:5-65
15-->src\main\AndroidManifest.xml:9:22-62
16    <uses-permission android:name="android.permission.ACCESS_MEDIA_LOCATION" />
16-->src\main\AndroidManifest.xml:10:5-80
16-->src\main\AndroidManifest.xml:10:22-77
17    <uses-permission android:name="android.permission.WRITE_EXTERNAL_STORAGE" />
17-->src\main\AndroidManifest.xml:11:5-13:40
17-->src\main\AndroidManifest.xml:12:9-65
18    <uses-permission android:name="android.permission.USE_BIOMETRIC" /> <!-- suppress DeprecatedClassUsageInspection -->
18-->[androidx.biometric:biometric:1.1.0] AndroidManifest.xml:24:5-72
18-->[androidx.biometric:biometric:1.1.0] AndroidManifest.xml:24:22-69
19    <uses-permission android:name="android.permission.USE_FINGERPRINT" />
19-->[androidx.biometric:biometric:1.1.0] AndroidManifest.xml:27:5-74
19-->[androidx.biometric:biometric:1.1.0] AndroidManifest.xml:27:22-71
20    <uses-permission android:name="android.permission.WAKE_LOCK" />
20-->[com.google.android.gms:play-services-measurement-api:21.2.0] AndroidManifest.xml:24:5-68
20-->[com.google.android.gms:play-services-measurement-api:21.2.0] AndroidManifest.xml:24:22-65
21    <uses-permission android:name="com.google.android.finsky.permission.BIND_GET_INSTALL_REFERRER_SERVICE" />
21-->[com.google.android.gms:play-services-measurement:21.2.0] AndroidManifest.xml:26:5-110
21-->[com.google.android.gms:play-services-measurement:21.2.0] AndroidManifest.xml:26:22-107
22    <uses-permission android:name="android.permission.RECEIVE_BOOT_COMPLETED" />
22-->[androidx.work:work-runtime:2.8.0] AndroidManifest.xml:25:5-81
22-->[androidx.work:work-runtime:2.8.0] AndroidManifest.xml:25:22-78
23    <uses-permission android:name="android.permission.FOREGROUND_SERVICE" />
23-->[androidx.work:work-runtime:2.8.0] AndroidManifest.xml:26:5-77
23-->[androidx.work:work-runtime:2.8.0] AndroidManifest.xml:26:22-74
24
25    <permission
25-->[androidx.core:core:1.9.0] AndroidManifest.xml:22:5-24:47
26        android:name="com.bss.uis.DYNAMIC_RECEIVER_NOT_EXPORTED_PERMISSION"
26-->[androidx.core:core:1.9.0] AndroidManifest.xml:23:9-81
27        android:protectionLevel="signature" />
27-->[androidx.core:core:1.9.0] AndroidManifest.xml:24:9-44
28
29    <uses-permission android:name="com.bss.uis.DYNAMIC_RECEIVER_NOT_EXPORTED_PERMISSION" />
29-->[androidx.core:core:1.9.0] AndroidManifest.xml:26:5-97
29-->[androidx.core:core:1.9.0] AndroidManifest.xml:26:22-94
30
31    <application
31-->src\main\AndroidManifest.xml:18:5-128:19
32        android:name="com.bss.uis.BaseApplication"
32-->src\main\AndroidManifest.xml:19:9-40
33        android:allowBackup="true"
33-->src\main\AndroidManifest.xml:20:9-35
34        android:appComponentFactory="androidx.core.app.CoreComponentFactory"
34-->[androidx.core:core:1.9.0] AndroidManifest.xml:28:18-86
35        android:dataExtractionRules="@xml/data_extraction_rules"
35-->src\main\AndroidManifest.xml:21:9-65
36        android:debuggable="true"
37        android:fullBackupContent="@xml/backup_rules"
37-->src\main\AndroidManifest.xml:22:9-54
38        android:icon="@drawable/uisnobg"
38-->src\main\AndroidManifest.xml:23:9-41
39        android:label="@string/app_name"
39-->src\main\AndroidManifest.xml:24:9-41
40        android:roundIcon="@drawable/uisnobg"
40-->src\main\AndroidManifest.xml:25:9-46
41        android:supportsRtl="true"
41-->src\main\AndroidManifest.xml:26:9-35
42        android:theme="@android:style/Theme.Holo.NoActionBar.Fullscreen"
42-->src\main\AndroidManifest.xml:27:9-73
43        android:usesCleartextTraffic="true" >
43-->src\main\AndroidManifest.xml:28:9-44
44        <activity
44-->src\main\AndroidManifest.xml:30:9-34:80
45            android:name="com.bss.uis.presentation.activity.SearchActivity"
45-->src\main\AndroidManifest.xml:31:13-65
46            android:exported="false"
46-->src\main\AndroidManifest.xml:32:13-37
47            android:label="@string/title_activity_search"
47-->src\main\AndroidManifest.xml:33:13-58
48            android:theme="@android:style/Theme.Holo.NoActionBar.Fullscreen" />
48-->src\main\AndroidManifest.xml:34:13-77
49        <activity
49-->src\main\AndroidManifest.xml:35:9-38:75
50            android:name="com.bss.uis.presentation.activity.EditProfileActivity"
50-->src\main\AndroidManifest.xml:36:13-70
51            android:exported="false"
51-->src\main\AndroidManifest.xml:37:13-37
52            android:theme="@style/Theme.Material3.DayNight.NoActionBar" />
52-->src\main\AndroidManifest.xml:38:13-72
53        <activity
53-->src\main\AndroidManifest.xml:39:9-42:75
54            android:name="com.bss.uis.presentation.activity.PatientDetailsActivity"
54-->src\main\AndroidManifest.xml:40:13-73
55            android:exported="false"
55-->src\main\AndroidManifest.xml:41:13-37
56            android:theme="@style/Theme.Material3.DayNight.NoActionBar" />
56-->src\main\AndroidManifest.xml:42:13-72
57        <activity
57-->src\main\AndroidManifest.xml:43:9-46:75
58            android:name="com.bss.uis.presentation.activity.AdminWorkSpaceActivity"
58-->src\main\AndroidManifest.xml:44:13-73
59            android:exported="false"
59-->src\main\AndroidManifest.xml:45:13-37
60            android:theme="@style/Theme.Material3.DayNight.NoActionBar" />
60-->src\main\AndroidManifest.xml:46:13-72
61        <activity
61-->src\main\AndroidManifest.xml:47:9-54:20
62            android:name="com.bss.uis.presentation.activity.AddPatientActivity"
62-->src\main\AndroidManifest.xml:48:13-69
63            android:exported="false"
63-->src\main\AndroidManifest.xml:49:13-37
64            android:theme="@style/Theme.Material3.DayNight.NoActionBar" >
64-->src\main\AndroidManifest.xml:50:13-72
65            <meta-data
65-->src\main\AndroidManifest.xml:51:13-53:36
66                android:name="android.app.lib_name"
66-->src\main\AndroidManifest.xml:52:17-52
67                android:value="" />
67-->src\main\AndroidManifest.xml:53:17-33
68        </activity>
69        <activity
69-->src\main\AndroidManifest.xml:55:9-62:20
70            android:name="com.bss.uis.presentation.activity.DrawerMainActivity"
70-->src\main\AndroidManifest.xml:56:13-69
71            android:exported="false"
71-->src\main\AndroidManifest.xml:57:13-37
72            android:theme="@style/Theme.Material3.DayNight.NoActionBar" >
72-->src\main\AndroidManifest.xml:58:13-72
73            <meta-data
73-->src\main\AndroidManifest.xml:51:13-53:36
74                android:name="android.app.lib_name"
74-->src\main\AndroidManifest.xml:52:17-52
75                android:value="" />
75-->src\main\AndroidManifest.xml:53:17-33
76        </activity>
77        <activity
77-->src\main\AndroidManifest.xml:63:9-70:20
78            android:name="com.bss.uis.presentation.activity.EnableBiometricLoginActivity"
78-->src\main\AndroidManifest.xml:64:13-79
79            android:exported="false"
79-->src\main\AndroidManifest.xml:65:13-37
80            android:theme="@style/Theme.Material3.DayNight.NoActionBar" >
80-->src\main\AndroidManifest.xml:66:13-72
81            <meta-data
81-->src\main\AndroidManifest.xml:51:13-53:36
82                android:name="android.app.lib_name"
82-->src\main\AndroidManifest.xml:52:17-52
83                android:value="" />
83-->src\main\AndroidManifest.xml:53:17-33
84        </activity>
85        <activity
85-->src\main\AndroidManifest.xml:71:9-78:20
86            android:name="com.bss.uis.presentation.activity.LogInSignUpActivity"
86-->src\main\AndroidManifest.xml:72:13-70
87            android:exported="false"
87-->src\main\AndroidManifest.xml:73:13-37
88            android:theme="@style/Theme.Material3.DayNight.NoActionBar" >
88-->src\main\AndroidManifest.xml:74:13-72
89            <meta-data
89-->src\main\AndroidManifest.xml:51:13-53:36
90                android:name="android.app.lib_name"
90-->src\main\AndroidManifest.xml:52:17-52
91                android:value="" />
91-->src\main\AndroidManifest.xml:53:17-33
92        </activity>
93
94        <meta-data
94-->src\main\AndroidManifest.xml:80:9-82:55
95            android:name="com.facebook.sdk.ApplicationId"
95-->src\main\AndroidManifest.xml:81:13-58
96            android:value="@string/facebook_app_id" />
96-->src\main\AndroidManifest.xml:82:13-52
97        <meta-data
97-->src\main\AndroidManifest.xml:83:9-85:61
98            android:name="com.facebook.sdk.ClientToken"
98-->src\main\AndroidManifest.xml:84:13-56
99            android:value="@string/facebook_client_token" />
99-->src\main\AndroidManifest.xml:85:13-58
100
101        <activity
101-->src\main\AndroidManifest.xml:87:9-90:48
102            android:name="com.facebook.FacebookActivity"
102-->src\main\AndroidManifest.xml:88:13-57
103            android:configChanges="keyboard|keyboardHidden|screenLayout|screenSize|orientation"
103-->src\main\AndroidManifest.xml:89:13-96
104            android:label="@string/app_name"
104-->src\main\AndroidManifest.xml:90:13-45
105            android:theme="@style/com_facebook_activity_theme" />
105-->[com.facebook.android:facebook-common:8.1.0] AndroidManifest.xml:33:13-63
106        <activity
106-->src\main\AndroidManifest.xml:91:9-102:20
107            android:name="com.facebook.CustomTabActivity"
107-->src\main\AndroidManifest.xml:92:13-58
108            android:exported="true" >
108-->src\main\AndroidManifest.xml:93:13-36
109            <intent-filter>
109-->src\main\AndroidManifest.xml:94:13-101:29
110                <action android:name="android.intent.action.VIEW" />
110-->src\main\AndroidManifest.xml:95:17-69
110-->src\main\AndroidManifest.xml:95:25-66
111
112                <category android:name="android.intent.category.DEFAULT" />
112-->src\main\AndroidManifest.xml:97:17-76
112-->src\main\AndroidManifest.xml:97:27-73
113                <category android:name="android.intent.category.BROWSABLE" />
113-->src\main\AndroidManifest.xml:98:17-78
113-->src\main\AndroidManifest.xml:98:27-75
114
115                <data android:scheme="@string/fb_login_protocol_scheme" />
115-->src\main\AndroidManifest.xml:100:17-75
115-->src\main\AndroidManifest.xml:100:23-72
116            </intent-filter>
117            <intent-filter>
117-->[com.facebook.android:facebook-common:8.1.0] AndroidManifest.xml:39:13-48:29
118                <action android:name="android.intent.action.VIEW" />
118-->src\main\AndroidManifest.xml:95:17-69
118-->src\main\AndroidManifest.xml:95:25-66
119
120                <category android:name="android.intent.category.DEFAULT" />
120-->src\main\AndroidManifest.xml:97:17-76
120-->src\main\AndroidManifest.xml:97:27-73
121                <category android:name="android.intent.category.BROWSABLE" />
121-->src\main\AndroidManifest.xml:98:17-78
121-->src\main\AndroidManifest.xml:98:27-75
122
123                <data
123-->src\main\AndroidManifest.xml:100:17-75
124                    android:host="cct.com.bss.uis"
125                    android:scheme="fbconnect" />
125-->src\main\AndroidManifest.xml:100:23-72
126            </intent-filter>
127        </activity>
128        <activity
128-->src\main\AndroidManifest.xml:103:9-116:20
129            android:name="com.bss.uis.presentation.activity.SplashActivity"
129-->src\main\AndroidManifest.xml:104:13-65
130            android:exported="true"
130-->src\main\AndroidManifest.xml:105:13-36
131            android:theme="@style/Theme.Design.NoActionBar" >
131-->src\main\AndroidManifest.xml:106:13-60
132            <intent-filter>
132-->src\main\AndroidManifest.xml:107:13-111:29
133                <action android:name="android.intent.action.MAIN" />
133-->src\main\AndroidManifest.xml:108:17-69
133-->src\main\AndroidManifest.xml:108:25-66
134
135                <category android:name="android.intent.category.LAUNCHER" />
135-->src\main\AndroidManifest.xml:110:17-77
135-->src\main\AndroidManifest.xml:110:27-74
136            </intent-filter>
137
138            <meta-data
138-->src\main\AndroidManifest.xml:51:13-53:36
139                android:name="android.app.lib_name"
139-->src\main\AndroidManifest.xml:52:17-52
140                android:value="" />
140-->src\main\AndroidManifest.xml:53:17-33
141        </activity>
142
143        <provider
144            android:name="androidx.core.content.FileProvider"
144-->src\main\AndroidManifest.xml:119:13-62
145            android:authorities="com.bss.uis.provider"
145-->src\main\AndroidManifest.xml:120:13-60
146            android:exported="false"
146-->src\main\AndroidManifest.xml:121:13-37
147            android:grantUriPermissions="true" >
147-->src\main\AndroidManifest.xml:122:13-47
148            <meta-data
148-->src\main\AndroidManifest.xml:123:13-126:52
149                android:name="android.support.FILE_PROVIDER_PATHS"
149-->src\main\AndroidManifest.xml:124:17-67
150                android:resource="@xml/provider_paths" />
150-->src\main\AndroidManifest.xml:125:17-55
151        </provider>
152
153        <activity
153-->[:patientregistration] AndroidManifest.xml:15:9-17:75
154            android:name="com.bss.patientregistration.patientregistration.RegistrationActivity"
154-->[:patientregistration] AndroidManifest.xml:16:13-96
155            android:theme="@style/Theme.Material3.DayNight.NoActionBar" />
155-->[:patientregistration] AndroidManifest.xml:17:13-72
156        <activity
156-->[:step_progres] AndroidManifest.xml:10:9-16:20
157            android:name="com.bss.step_progres.MainActivity"
157-->[:step_progres] AndroidManifest.xml:11:13-61
158            android:exported="false" >
158-->[:step_progres] AndroidManifest.xml:12:13-37
159            <meta-data
159-->src\main\AndroidManifest.xml:51:13-53:36
160                android:name="android.app.lib_name"
160-->src\main\AndroidManifest.xml:52:17-52
161                android:value="" />
161-->src\main\AndroidManifest.xml:53:17-33
162        </activity>
163        <activity
163-->[androidx.compose.ui:ui-tooling:1.3.3] AndroidManifest.xml:23:9-25:39
164            android:name="androidx.compose.ui.tooling.PreviewActivity"
164-->[androidx.compose.ui:ui-tooling:1.3.3] AndroidManifest.xml:24:13-71
165            android:exported="true" />
165-->[androidx.compose.ui:ui-tooling:1.3.3] AndroidManifest.xml:25:13-36
166        <activity
166-->[androidx.compose.ui:ui-test-manifest:1.3.3] AndroidManifest.xml:23:9-25:39
167            android:name="androidx.activity.ComponentActivity"
167-->[androidx.compose.ui:ui-test-manifest:1.3.3] AndroidManifest.xml:24:13-63
168            android:exported="true" />
168-->[androidx.compose.ui:ui-test-manifest:1.3.3] AndroidManifest.xml:25:13-36
169        <activity android:name="com.facebook.CustomTabMainActivity" />
169-->[com.facebook.android:facebook-common:8.1.0] AndroidManifest.xml:34:9-71
169-->[com.facebook.android:facebook-common:8.1.0] AndroidManifest.xml:34:19-68
170        <activity
170-->[com.google.android.gms:play-services-auth:20.4.1] AndroidManifest.xml:23:9-27:75
171            android:name="com.google.android.gms.auth.api.signin.internal.SignInHubActivity"
171-->[com.google.android.gms:play-services-auth:20.4.1] AndroidManifest.xml:24:13-93
172            android:excludeFromRecents="true"
172-->[com.google.android.gms:play-services-auth:20.4.1] AndroidManifest.xml:25:13-46
173            android:exported="false"
173-->[com.google.android.gms:play-services-auth:20.4.1] AndroidManifest.xml:26:13-37
174            android:theme="@android:style/Theme.Translucent.NoTitleBar" />
174-->[com.google.android.gms:play-services-auth:20.4.1] AndroidManifest.xml:27:13-72
175        <!--
176            Service handling Google Sign-In user revocation. For apps that do not integrate with
177            Google Sign-In, this service will never be started.
178        -->
179        <service
179-->[com.google.android.gms:play-services-auth:20.4.1] AndroidManifest.xml:33:9-37:51
180            android:name="com.google.android.gms.auth.api.signin.RevocationBoundService"
180-->[com.google.android.gms:play-services-auth:20.4.1] AndroidManifest.xml:34:13-89
181            android:exported="true"
181-->[com.google.android.gms:play-services-auth:20.4.1] AndroidManifest.xml:35:13-36
182            android:permission="com.google.android.gms.auth.api.signin.permission.REVOCATION_NOTIFICATION"
182-->[com.google.android.gms:play-services-auth:20.4.1] AndroidManifest.xml:36:13-107
183            android:visibleToInstantApps="true" />
183-->[com.google.android.gms:play-services-auth:20.4.1] AndroidManifest.xml:37:13-48
184        <service
184-->[com.google.firebase:firebase-auth-ktx:21.1.0] AndroidManifest.xml:8:9-14:19
185            android:name="com.google.firebase.components.ComponentDiscoveryService"
185-->[com.google.firebase:firebase-auth-ktx:21.1.0] AndroidManifest.xml:9:13-84
186            android:directBootAware="true"
186-->[com.google.firebase:firebase-common:20.3.0] AndroidManifest.xml:34:13-43
187            android:exported="false" >
187-->[com.google.firebase:firebase-auth-ktx:21.1.0] AndroidManifest.xml:10:13-37
188            <meta-data
188-->[com.google.firebase:firebase-auth-ktx:21.1.0] AndroidManifest.xml:11:13-13:85
189                android:name="com.google.firebase.components:com.google.firebase.auth.ktx.FirebaseAuthKtxRegistrar"
189-->[com.google.firebase:firebase-auth-ktx:21.1.0] AndroidManifest.xml:12:17-116
190                android:value="com.google.firebase.components.ComponentRegistrar" />
190-->[com.google.firebase:firebase-auth-ktx:21.1.0] AndroidManifest.xml:13:17-82
191            <meta-data
191-->[com.google.firebase:firebase-auth:21.1.0] AndroidManifest.xml:67:13-69:85
192                android:name="com.google.firebase.components:com.google.firebase.auth.FirebaseAuthRegistrar"
192-->[com.google.firebase:firebase-auth:21.1.0] AndroidManifest.xml:68:17-109
193                android:value="com.google.firebase.components.ComponentRegistrar" />
193-->[com.google.firebase:firebase-auth:21.1.0] AndroidManifest.xml:69:17-82
194            <meta-data
194-->[com.google.firebase:firebase-analytics-ktx:21.2.0] AndroidManifest.xml:11:13-13:85
195                android:name="com.google.firebase.components:com.google.firebase.analytics.ktx.FirebaseAnalyticsKtxRegistrar"
195-->[com.google.firebase:firebase-analytics-ktx:21.2.0] AndroidManifest.xml:12:17-126
196                android:value="com.google.firebase.components.ComponentRegistrar" />
196-->[com.google.firebase:firebase-analytics-ktx:21.2.0] AndroidManifest.xml:13:17-82
197            <meta-data
197-->[com.google.firebase:firebase-common-ktx:20.3.0] AndroidManifest.xml:14:13-16:85
198                android:name="com.google.firebase.components:com.google.firebase.ktx.FirebaseCommonKtxRegistrar"
198-->[com.google.firebase:firebase-common-ktx:20.3.0] AndroidManifest.xml:15:17-113
199                android:value="com.google.firebase.components.ComponentRegistrar" />
199-->[com.google.firebase:firebase-common-ktx:20.3.0] AndroidManifest.xml:16:17-82
200            <meta-data
200-->[com.google.android.gms:play-services-measurement-api:21.2.0] AndroidManifest.xml:31:13-33:85
201                android:name="com.google.firebase.components:com.google.firebase.analytics.connector.internal.AnalyticsConnectorRegistrar"
201-->[com.google.android.gms:play-services-measurement-api:21.2.0] AndroidManifest.xml:32:17-139
202                android:value="com.google.firebase.components.ComponentRegistrar" />
202-->[com.google.android.gms:play-services-measurement-api:21.2.0] AndroidManifest.xml:33:17-82
203            <meta-data
203-->[com.google.firebase:firebase-installations:17.1.0] AndroidManifest.xml:17:13-19:85
204                android:name="com.google.firebase.components:com.google.firebase.installations.FirebaseInstallationsRegistrar"
204-->[com.google.firebase:firebase-installations:17.1.0] AndroidManifest.xml:18:17-127
205                android:value="com.google.firebase.components.ComponentRegistrar" />
205-->[com.google.firebase:firebase-installations:17.1.0] AndroidManifest.xml:19:17-82
206        </service>
207
208        <activity
208-->[com.google.firebase:firebase-auth:21.1.0] AndroidManifest.xml:27:9-44:20
209            android:name="com.google.firebase.auth.internal.GenericIdpActivity"
209-->[com.google.firebase:firebase-auth:21.1.0] AndroidManifest.xml:28:13-80
210            android:excludeFromRecents="true"
210-->[com.google.firebase:firebase-auth:21.1.0] AndroidManifest.xml:29:13-46
211            android:exported="true"
211-->[com.google.firebase:firebase-auth:21.1.0] AndroidManifest.xml:30:13-36
212            android:launchMode="singleTask"
212-->[com.google.firebase:firebase-auth:21.1.0] AndroidManifest.xml:31:13-44
213            android:theme="@android:style/Theme.Translucent.NoTitleBar" >
213-->[com.google.firebase:firebase-auth:21.1.0] AndroidManifest.xml:32:13-72
214            <intent-filter>
214-->[com.google.firebase:firebase-auth:21.1.0] AndroidManifest.xml:33:13-43:29
215                <action android:name="android.intent.action.VIEW" />
215-->src\main\AndroidManifest.xml:95:17-69
215-->src\main\AndroidManifest.xml:95:25-66
216
217                <category android:name="android.intent.category.DEFAULT" />
217-->src\main\AndroidManifest.xml:97:17-76
217-->src\main\AndroidManifest.xml:97:27-73
218                <category android:name="android.intent.category.BROWSABLE" />
218-->src\main\AndroidManifest.xml:98:17-78
218-->src\main\AndroidManifest.xml:98:27-75
219
220                <data
220-->src\main\AndroidManifest.xml:100:17-75
221                    android:host="firebase.auth"
222                    android:path="/"
223                    android:scheme="genericidp" />
223-->src\main\AndroidManifest.xml:100:23-72
224            </intent-filter>
225        </activity>
226        <activity
226-->[com.google.firebase:firebase-auth:21.1.0] AndroidManifest.xml:45:9-62:20
227            android:name="com.google.firebase.auth.internal.RecaptchaActivity"
227-->[com.google.firebase:firebase-auth:21.1.0] AndroidManifest.xml:46:13-79
228            android:excludeFromRecents="true"
228-->[com.google.firebase:firebase-auth:21.1.0] AndroidManifest.xml:47:13-46
229            android:exported="true"
229-->[com.google.firebase:firebase-auth:21.1.0] AndroidManifest.xml:48:13-36
230            android:launchMode="singleTask"
230-->[com.google.firebase:firebase-auth:21.1.0] AndroidManifest.xml:49:13-44
231            android:theme="@android:style/Theme.Translucent.NoTitleBar" >
231-->[com.google.firebase:firebase-auth:21.1.0] AndroidManifest.xml:50:13-72
232            <intent-filter>
232-->[com.google.firebase:firebase-auth:21.1.0] AndroidManifest.xml:51:13-61:29
233                <action android:name="android.intent.action.VIEW" />
233-->src\main\AndroidManifest.xml:95:17-69
233-->src\main\AndroidManifest.xml:95:25-66
234
235                <category android:name="android.intent.category.DEFAULT" />
235-->src\main\AndroidManifest.xml:97:17-76
235-->src\main\AndroidManifest.xml:97:27-73
236                <category android:name="android.intent.category.BROWSABLE" />
236-->src\main\AndroidManifest.xml:98:17-78
236-->src\main\AndroidManifest.xml:98:27-75
237
238                <data
238-->src\main\AndroidManifest.xml:100:17-75
239                    android:host="firebase.auth"
240                    android:path="/"
241                    android:scheme="recaptcha" />
241-->src\main\AndroidManifest.xml:100:23-72
242            </intent-filter>
243        </activity>
244
245        <provider
245-->[com.google.firebase:firebase-common:20.3.0] AndroidManifest.xml:25:9-30:39
246            android:name="com.google.firebase.provider.FirebaseInitProvider"
246-->[com.google.firebase:firebase-common:20.3.0] AndroidManifest.xml:26:13-77
247            android:authorities="com.bss.uis.firebaseinitprovider"
247-->[com.google.firebase:firebase-common:20.3.0] AndroidManifest.xml:27:13-72
248            android:directBootAware="true"
248-->[com.google.firebase:firebase-common:20.3.0] AndroidManifest.xml:28:13-43
249            android:exported="false"
249-->[com.google.firebase:firebase-common:20.3.0] AndroidManifest.xml:29:13-37
250            android:initOrder="100" />
250-->[com.google.firebase:firebase-common:20.3.0] AndroidManifest.xml:30:13-36
251
252        <activity
252-->[com.google.android.gms:play-services-base:18.1.0] AndroidManifest.xml:20:9-22:45
253            android:name="com.google.android.gms.common.api.GoogleApiActivity"
253-->[com.google.android.gms:play-services-base:18.1.0] AndroidManifest.xml:20:19-85
254            android:exported="false"
254-->[com.google.android.gms:play-services-base:18.1.0] AndroidManifest.xml:22:19-43
255            android:theme="@android:style/Theme.Translucent.NoTitleBar" />
255-->[com.google.android.gms:play-services-base:18.1.0] AndroidManifest.xml:21:19-78
256
257        <receiver
257-->[com.google.android.gms:play-services-measurement:21.2.0] AndroidManifest.xml:29:9-33:20
258            android:name="com.google.android.gms.measurement.AppMeasurementReceiver"
258-->[com.google.android.gms:play-services-measurement:21.2.0] AndroidManifest.xml:30:13-85
259            android:enabled="true"
259-->[com.google.android.gms:play-services-measurement:21.2.0] AndroidManifest.xml:31:13-35
260            android:exported="false" >
260-->[com.google.android.gms:play-services-measurement:21.2.0] AndroidManifest.xml:32:13-37
261        </receiver>
262
263        <service
263-->[com.google.android.gms:play-services-measurement:21.2.0] AndroidManifest.xml:35:9-38:40
264            android:name="com.google.android.gms.measurement.AppMeasurementService"
264-->[com.google.android.gms:play-services-measurement:21.2.0] AndroidManifest.xml:36:13-84
265            android:enabled="true"
265-->[com.google.android.gms:play-services-measurement:21.2.0] AndroidManifest.xml:37:13-35
266            android:exported="false" />
266-->[com.google.android.gms:play-services-measurement:21.2.0] AndroidManifest.xml:38:13-37
267        <service
267-->[com.google.android.gms:play-services-measurement:21.2.0] AndroidManifest.xml:39:9-43:72
268            android:name="com.google.android.gms.measurement.AppMeasurementJobService"
268-->[com.google.android.gms:play-services-measurement:21.2.0] AndroidManifest.xml:40:13-87
269            android:enabled="true"
269-->[com.google.android.gms:play-services-measurement:21.2.0] AndroidManifest.xml:41:13-35
270            android:exported="false"
270-->[com.google.android.gms:play-services-measurement:21.2.0] AndroidManifest.xml:42:13-37
271            android:permission="android.permission.BIND_JOB_SERVICE" />
271-->[com.google.android.gms:play-services-measurement:21.2.0] AndroidManifest.xml:43:13-69
272
273        <meta-data
273-->[com.google.android.gms:play-services-basement:18.1.0] AndroidManifest.xml:21:9-23:69
274            android:name="com.google.android.gms.version"
274-->[com.google.android.gms:play-services-basement:18.1.0] AndroidManifest.xml:22:13-58
275            android:value="@integer/google_play_services_version" />
275-->[com.google.android.gms:play-services-basement:18.1.0] AndroidManifest.xml:23:13-66
276        <!--
277         The initialization ContentProvider will call FacebookSdk.sdkInitialize automatically
278         with the application context. This config is merged in with the host app's manifest,
279         but there can only be one provider with the same authority activated at any given
280         point; so if the end user has two or more different apps that use Facebook SDK, only the
281         first one will be able to use the provider. To work around this problem, we use the
282         following placeholder in the authority to identify each host application as if it was
283         a completely different provider.
284        -->
285        <provider
285-->[com.facebook.android:facebook-core:8.1.0] AndroidManifest.xml:39:9-42:40
286            android:name="com.facebook.internal.FacebookInitProvider"
286-->[com.facebook.android:facebook-core:8.1.0] AndroidManifest.xml:40:13-70
287            android:authorities="com.bss.uis.FacebookInitProvider"
287-->[com.facebook.android:facebook-core:8.1.0] AndroidManifest.xml:41:13-72
288            android:exported="false" />
288-->[com.facebook.android:facebook-core:8.1.0] AndroidManifest.xml:42:13-37
289
290        <receiver
290-->[com.facebook.android:facebook-core:8.1.0] AndroidManifest.xml:44:9-50:20
291            android:name="com.facebook.CurrentAccessTokenExpirationBroadcastReceiver"
291-->[com.facebook.android:facebook-core:8.1.0] AndroidManifest.xml:45:13-86
292            android:exported="false" >
292-->[com.facebook.android:facebook-core:8.1.0] AndroidManifest.xml:46:13-37
293            <intent-filter>
293-->[com.facebook.android:facebook-core:8.1.0] AndroidManifest.xml:47:13-49:29
294                <action android:name="com.facebook.sdk.ACTION_CURRENT_ACCESS_TOKEN_CHANGED" />